z:\workspace\cppproject\mycpplib\x64\debug\vc143.pdb
z:\workspace\cppproject\mycpplib\x64\debug\vc143.idb
z:\workspace\cppproject\mycpplib\x64\debug\getscreenshotcv.obj
z:\workspace\cppproject\mycpplib\x64\debug\window.obj
z:\workspace\cppproject\mycpplib\x64\debug\winapi.obj
z:\workspace\cppproject\mycpplib\x64\debug\curlutilities.obj
z:\workspace\cppproject\mycpplib\x64\debug\curlclient.obj
z:\workspace\cppproject\mycpplib\x64\debug\time.obj
z:\workspace\cppproject\mycpplib\x64\debug\directory.obj
z:\workspace\cppproject\mycpplib\x64\debug\tuples.obj
z:\workspace\cppproject\mycpplib\x64\debug\text.obj
z:\workspace\cppproject\mycpplib\x64\debug\source.obj
z:\workspace\cppproject\mycpplib\x64\debug\testproj.obj
z:\workspace\cppproject\mycpplib\x64\debug\multithread.obj
z:\workspace\cppproject\mycpplib\x64\debug\polynomial.obj
z:\workspace\cppproject\mycpplib\x64\debug\math.obj
z:\workspace\cppproject\mycpplib\x64\debug\xml.obj
z:\workspace\cppproject\mycpplib\x64\debug\shape.obj
z:\workspace\cppproject\mycpplib\x64\debug\number.obj
z:\workspace\cppproject\mycpplib\x64\debug\json.obj
z:\workspace\cppproject\mycpplib\x64\debug\convert.obj
z:\workspace\cppproject\mycpplib\x64\debug\cmdinput.obj
z:\workspace\cppproject\mycpplib\x64\debug\baseobj.obj
z:\workspace\cppproject\mycpplib\x64\debug\bmpconvert.obj
z:\workspace\cppproject\mycpplib\x64\debug\mycpplib.ilk
z:\workspace\cppproject\x64\debug\mycpplib.exe
z:\workspace\cppproject\x64\debug\mycpplib.pdb
z:\workspace\cppproject\x64\debug\libcurl-d.dll
z:\workspace\cppproject\x64\debug\zlibd1.dll
z:\workspace\cppproject\x64\debug\opencv_cored.dll
z:\workspace\cppproject\x64\debug\opencv_imgcodecsd.dll
z:\workspace\cppproject\x64\debug\opencv_imgprocd.dll
z:\workspace\cppproject\x64\debug\jpeg62.dll
z:\workspace\cppproject\x64\debug\webpdecoder.dll
z:\workspace\cppproject\x64\debug\webp.dll
z:\workspace\cppproject\x64\debug\libpng16d.dll
z:\workspace\cppproject\x64\debug\tiffd.dll
z:\workspace\cppproject\x64\debug\liblzma.dll
z:\workspace\cppproject\x64\debug\opencv_highguid.dll
z:\workspace\cppproject\x64\debug\opencv_videoiod.dll
z:\workspace\cppproject\mycpplib\x64\debug\mycpplib.tlog\cl.command.1.tlog
z:\workspace\cppproject\mycpplib\x64\debug\mycpplib.tlog\cl.read.1.tlog
z:\workspace\cppproject\mycpplib\x64\debug\mycpplib.tlog\cl.write.1.tlog
z:\workspace\cppproject\mycpplib\x64\debug\mycpplib.tlog\link.command.1.tlog
z:\workspace\cppproject\mycpplib\x64\debug\mycpplib.tlog\link.read.1.tlog
z:\workspace\cppproject\mycpplib\x64\debug\mycpplib.tlog\link.write.1.tlog
z:\workspace\cppproject\mycpplib\x64\debug\mycpplib.tlog\mycpplib.write.1u.tlog
